#
# There is insufficient memory for the Java Runtime Environment to continue.
# Native memory allocation (malloc) failed to allocate 1048576 bytes for AllocateHeap
# Possible reasons:
#   The system is out of physical RAM or swap space
#   The process is running with CompressedOops enabled, and the Java Heap may be blocking the growth of the native heap
# Possible solutions:
#   Reduce memory load on the system
#   Increase physical memory or swap space
#   Check if swap backing store is full
#   Decrease Java heap size (-Xmx/-Xms)
#   Decrease number of Java threads
#   Decrease Java thread stack sizes (-Xss)
#   Set larger code cache with -XX:ReservedCodeCacheSize=
#   JVM is running with Zero Based Compressed Oops mode in which the Java heap is
#     placed in the first 32GB address space. The Java Heap base address is the
#     maximum limit for the native heap growth. Please use -XX:HeapBaseMinAddress
#     to set the Java Heap base and to place the Java Heap above 32GB virtual address.
# This output file may be truncated or incomplete.
#
#  Out of Memory Error (memory/allocation.inline.hpp:61), pid=22444, tid=0x00000000000057c0
#
# JRE version:  (8.0_381) (build )
# Java VM: Java HotSpot(TM) 64-Bit Server VM (25.381-b09 mixed mode windows-amd64 compressed oops)
# Failed to write core dump. Minidumps are not enabled by default on client versions of Windows
#

---------------  T H R E A D  ---------------

Current thread (0x000001811d625800):  JavaThread "Unknown thread" [_thread_in_vm, id=22464, stack(0x0000007fee600000,0x0000007fee700000)]

Stack: [0x0000007fee600000,0x0000007fee700000]
Native frames: (J=compiled Java code, j=interpreted, Vv=VM code, C=native code)
V  [jvm.dll+0x353039]
V  [jvm.dll+0x290052]
V  [jvm.dll+0x290c1d]
V  [jvm.dll+0x285255]
V  [jvm.dll+0x502d]
V  [jvm.dll+0x3f0b9c]
V  [jvm.dll+0x3ecd67]
V  [jvm.dll+0x1058ff]
V  [jvm.dll+0x21b25b]
V  [jvm.dll+0x24c09a]
V  [jvm.dll+0x16d436]
C  [java.exe+0x2412]
C  [java.exe+0x165e0]
C  [KERNEL32.DLL+0x1257d]
C  [ntdll.dll+0x5aa68]


---------------  P R O C E S S  ---------------

Java Threads: ( => current thread )

Other Threads:

=>0x000001811d625800 (exited) JavaThread "Unknown thread" [_thread_in_vm, id=22464, stack(0x0000007fee600000,0x0000007fee700000)]

VM state:not at safepoint (normal execution)

VM Mutex/Monitor currently owned by a thread: None

heap address: 0x00000006c5000000, size: 4016 MB, Compressed Oops mode: Zero based, Oop shift amount: 3
Narrow klass base: 0x0000000000000000, Narrow klass shift: 3
Compressed class space size: 1073741824 Address: 0x00000007c0000000

Heap:
 PSYoungGen      total 75264K, used 1290K [0x000000076c580000, 0x0000000771980000, 0x00000007c0000000)
  eden space 64512K, 2% used [0x000000076c580000,0x000000076c6c2900,0x0000000770480000)
  from space 10752K, 0% used [0x0000000770f00000,0x0000000770f00000,0x0000000771980000)
  to   space 10752K, 0% used [0x0000000770480000,0x0000000770480000,0x0000000770f00000)
 ParOldGen       total 172032K, used 0K [0x00000006c5000000, 0x00000006cf800000, 0x000000076c580000)
  object space 172032K, 0% used [0x00000006c5000000,0x00000006c5000000,0x00000006cf800000)
 Metaspace       used 751K, capacity 4480K, committed 4480K, reserved 1056768K
  class space    used 76K, capacity 384K, committed 384K, reserved 1048576K

Card table byte_map: [0x000001812e380000,0x000001812eb60000] byte_map_base: 0x000001812ad58000

Marking Bits: (ParMarkBitMap*) 0x00007ffe3c566040
 Begin Bits: [0x000001812f0a0000, 0x0000018132f60000)
 End Bits:   [0x0000018132f60000, 0x0000018136e20000)

Polling page: 0x000001811d770000

CodeCache: size=245760Kb used=329Kb max_used=329Kb free=245430Kb
 bounds [0x000001811efc0000, 0x000001811f230000, 0x000001812dfc0000]
 total_blobs=58 nmethods=0 adapters=38
 compilation: enabled

Compilation events (0 events):
No events

GC Heap History (0 events):
No events

Deoptimization events (0 events):
No events

Classes redefined (0 events):
No events

Internal exceptions (0 events):
No events

Events (10 events):
Event: 0.018 loading class java/lang/Short
Event: 0.019 loading class java/lang/Short done
Event: 0.019 loading class java/lang/Integer
Event: 0.019 loading class java/lang/Integer done
Event: 0.019 loading class java/lang/Long
Event: 0.019 loading class java/lang/Long done
Event: 0.019 loading class java/lang/NullPointerException
Event: 0.019 loading class java/lang/NullPointerException done
Event: 0.019 loading class java/lang/ArithmeticException
Event: 0.019 loading class java/lang/ArithmeticException done


Dynamic libraries:
0x00007ff7d5e20000 - 0x00007ff7d5e6a000 	C:\Program Files\Java\jre-1.8\bin\java.exe
0x00007ffeb2e90000 - 0x00007ffeb30a4000 	C:\WINDOWS\SYSTEM32\ntdll.dll
0x00007ffeb0d70000 - 0x00007ffeb0e34000 	C:\WINDOWS\System32\KERNEL32.DLL
0x00007ffeb03b0000 - 0x00007ffeb0754000 	C:\WINDOWS\System32\KERNELBASE.dll
0x00007ffeb2c30000 - 0x00007ffeb2ce0000 	C:\WINDOWS\System32\ADVAPI32.dll
0x00007ffeb2370000 - 0x00007ffeb2417000 	C:\WINDOWS\System32\msvcrt.dll
0x00007ffeb1c50000 - 0x00007ffeb1cf6000 	C:\WINDOWS\System32\sechost.dll
0x00007ffeb1a20000 - 0x00007ffeb1b37000 	C:\WINDOWS\System32\RPCRT4.dll
0x00007ffeb1870000 - 0x00007ffeb1a1e000 	C:\WINDOWS\System32\USER32.dll
0x00007ffeb0800000 - 0x00007ffeb0826000 	C:\WINDOWS\System32\win32u.dll
0x00007ffeb2340000 - 0x00007ffeb2369000 	C:\WINDOWS\System32\GDI32.dll
0x00007ffeb0a40000 - 0x00007ffeb0b58000 	C:\WINDOWS\System32\gdi32full.dll
0x00007ffeb0760000 - 0x00007ffeb07fa000 	C:\WINDOWS\System32\msvcp_win.dll
0x00007ffeb0830000 - 0x00007ffeb0941000 	C:\WINDOWS\System32\ucrtbase.dll
0x00007ffe89e00000 - 0x00007ffe8a093000 	C:\WINDOWS\WinSxS\amd64_microsoft.windows.common-controls_6595b64144ccf1df_6.0.22621.2215_none_270d72677387dfc3\COMCTL32.dll
0x00007ffeb0c20000 - 0x00007ffeb0c51000 	C:\WINDOWS\System32\IMM32.DLL
0x00007ffeacce0000 - 0x00007ffeaccfb000 	C:\Program Files\Java\jre-1.8\bin\vcruntime140.dll
0x00007ffeaccd0000 - 0x00007ffeaccdc000 	C:\Program Files\Java\jre-1.8\bin\vcruntime140_1.dll
0x00007ffe9b930000 - 0x00007ffe9b9be000 	C:\Program Files\Java\jre-1.8\bin\msvcp140.dll
0x00007ffe3bd30000 - 0x00007ffe3c5e0000 	C:\Program Files\Java\jre-1.8\bin\server\jvm.dll
0x00007ffeb0d60000 - 0x00007ffeb0d68000 	C:\WINDOWS\System32\PSAPI.DLL
0x00007ffea2bd0000 - 0x00007ffea2bda000 	C:\WINDOWS\SYSTEM32\VERSION.dll
0x00007ffea8280000 - 0x00007ffea82b4000 	C:\WINDOWS\SYSTEM32\WINMM.dll
0x00007ffea36e0000 - 0x00007ffea36e9000 	C:\WINDOWS\SYSTEM32\WSOCK32.dll
0x00007ffeb2bb0000 - 0x00007ffeb2c21000 	C:\WINDOWS\System32\WS2_32.dll
0x00007ffeaf240000 - 0x00007ffeaf258000 	C:\WINDOWS\SYSTEM32\kernel.appcore.dll
0x00007ffea0ee0000 - 0x00007ffea0ef0000 	C:\Program Files\Java\jre-1.8\bin\verify.dll
0x00007ffea0eb0000 - 0x00007ffea0edb000 	C:\Program Files\Java\jre-1.8\bin\java.dll
0x00007ffe9b910000 - 0x00007ffe9b928000 	C:\Program Files\Java\jre-1.8\bin\zip.dll
0x00007ffea1990000 - 0x00007ffea1bbe000 	C:\WINDOWS\SYSTEM32\dbghelp.dll
0x00007ffeb2820000 - 0x00007ffeb2baa000 	C:\WINDOWS\System32\combase.dll
0x00007ffeb1770000 - 0x00007ffeb1847000 	C:\WINDOWS\System32\OLEAUT32.dll
0x00007ffeb09c0000 - 0x00007ffeb0a3a000 	C:\WINDOWS\System32\bcryptPrimitives.dll

VM Arguments:
java_command: com.getordecorreo.Main
java_class_path (initial): D:\Escritorio\gestoremail\gestor\target\classes
Launcher Type: SUN_STANDARD

Environment Variables:
JAVA_HOME=C:\Program Files\Java\jdk-21
PATH=C:\Program Files\Java\jdk-21\bin;C:\apache-maven-3.9.5\bin;C:\Program Files\Common Files\Oracle\Java\javapath;C:\Program Files (x86)\Common Files\Oracle\Java\javapath;C:\WINDOWS\system32;C:\WINDOWS;C:\WINDOWS\System32\Wbem;C:\WINDOWS\System32\WindowsPowerShell\v1.0\;C:\WINDOWS\System32\OpenSSH\;C:\Program Files (x86)\dotnet\;C:\Program Files\dotnet\;C:\Program Files\VSCodium\bin;C:\Program Files\Git\cmd;C:\Users\Lucas\AppData\Local\Microsoft\WindowsApps;C:\Users\Lucas\AppData\Local\Programs\Microsoft VS Code\bin;C:\Users\Lucas\AppData\Local\GitHubDesktop\bin
USERNAME=Lucas
OS=Windows_NT
PROCESSOR_IDENTIFIER=Intel64 Family 6 Model 151 Stepping 2, GenuineIntel



---------------  S Y S T E M  ---------------

OS: Windows 11 , 64 bit Build 22621 (10.0.22621.2215)

CPU:total 16 (initial active 16) (12 cores per cpu, 2 threads per core) family 6 model 151 stepping 2, cmov, cx8, fxsr, mmx, sse, sse2, sse3, ssse3, sse4.1, sse4.2, popcnt, avx, avx2, aes, clmul, erms, 3dnowpref, lzcnt, ht, tsc, tscinvbit, bmi1, bmi2, adx

Memory: 4k page, physical 16442816k(4450540k free), swap 30934972k(4888k free)

vm_info: Java HotSpot(TM) 64-Bit Server VM (25.381-b09) for windows-amd64 JRE (1.8.0_381-b09), built on Jun 14 2023 13:50:38 by "java_re" with MS VC++ 17.1 (VS2022)

time: Sat Oct  7 12:19:03 2023
timezone: Hora estándar de Argentina
elapsed time: 0.029087 seconds (0d 0h 0m 0s)

